test_average (__main__.TestExercice) ... ok
test_to_celsius (__main__.TestExercice) ... ok
test_to_degrees (__main__.TestExercice) ... ERROR
test_to_farenheit (__main__.TestExercice) ... ok
test_to_radians (__main__.TestExercice) ... ok

======================================================================
ERROR: test_to_degrees (__main__.TestExercice)
----------------------------------------------------------------------
Traceback (most recent call last):
  File "test_exercice.py", line 56, in test_to_degrees
    output = [exercice.to_degrees(v) for v in values]
  File "test_exercice.py", line 56, in <listcomp>
    output = [exercice.to_degrees(v) for v in values]
  File "/home/runner/work/c01_ch3_exercices-jeansffrt/c01_ch3_exercices-jeansffrt/exercice.py", line 17, in to_degrees
    angle
NameError: name 'angle' is not defined

----------------------------------------------------------------------
Ran 5 tests in 0.001s

FAILED (errors=1)
